Using pre-set license
Built from '2020.3/staging' branch; Version is '2020.3.5f1 (8095aa901b9b) revision 8426922'; Using compiler version '192528614'; Build Type 'Release'
OS: 'Windows 10 Home; OS build 19043.1415; Version 2009; 64bit' Language: 'it' Physical Memory: 16319 MB
BatchMode: 1, IsHumanControllingUs: 0, StartBugReporterOnCrash: 0, Is64bit: 1, IsPro: 0

 COMMAND LINE ARGUMENTS:
C:\Program Files\Unity\Hub\Editor\2020.3.5f1\Editor\Unity.exe
-adb2
-batchMode
-noUpm
-name
AssetImportWorker0
-projectPath
E:/GitHubRep/Progetto(nomeIdentificabile)/ProgettoBello
-logFile
Logs/AssetImportWorker0.log
-srvPort
62920
Successfully changed project path to: E:/GitHubRep/Progetto(nomeIdentificabile)/ProgettoBello
E:/GitHubRep/Progetto(nomeIdentificabile)/ProgettoBello
Using Asset Import Pipeline V2.
Refreshing native plugins compatible for Editor in 45.87 ms, found 0 plugins.
Preloading 0 native plugins for Editor in 0.00 ms.
Initialize engine version: 2020.3.5f1 (8095aa901b9b)
[Subsystems] Discovering subsystems at path C:/Program Files/Unity/Hub/Editor/2020.3.5f1/Editor/Data/Resources/UnitySubsystems
[Subsystems] Discovering subsystems at path E:/GitHubRep/Progetto(nomeIdentificabile)/ProgettoBello/Assets
GfxDevice: creating device client; threaded=0
Direct3D:
    Version:  Direct3D 11.0 [level 11.1]
    Renderer: NVIDIA GeForce GTX 1070 (ID=0x1b81)
    Vendor:   
    VRAM:     8088 MB
    Driver:   30.0.14.9709
Initialize mono
Mono path[0] = 'C:/Program Files/Unity/Hub/Editor/2020.3.5f1/Editor/Data/Managed'
Mono path[1] = 'C:/Program Files/Unity/Hub/Editor/2020.3.5f1/Editor/Data/MonoBleedingEdge/lib/mono/unityjit'
Mono config path = 'C:/Program Files/Unity/Hub/Editor/2020.3.5f1/Editor/Data/MonoBleedingEdge/etc'
Using monoOptions --debugger-agent=transport=dt_socket,embedding=1,server=y,suspend=n,address=127.0.0.1:56212
Begin MonoManager ReloadAssembly
Registering precompiled unity dll's ...
Register platform support module: C:/Program Files/Unity/Hub/Editor/2020.3.5f1/Editor/Data/PlaybackEngines/WebGLSupport/UnityEditor.WebGL.Extensions.dll
Register platform support module: C:/Program Files/Unity/Hub/Editor/2020.3.5f1/Editor/Data/PlaybackEngines/MacStandaloneSupport/UnityEditor.OSXStandalone.Extensions.dll
Register platform support module: C:/Program Files/Unity/Hub/Editor/2020.3.5f1/Editor/Data/PlaybackEngines/WindowsStandaloneSupport/UnityEditor.WindowsStandalone.Extensions.dll
Register platform support module: C:/Program Files/Unity/Hub/Editor/2020.3.5f1/Editor/Data/PlaybackEngines/LinuxStandaloneSupport/UnityEditor.LinuxStandalone.Extensions.dll
Register platform support module: C:/Program Files/Unity/Hub/Editor/2020.3.5f1/Editor/Data/PlaybackEngines/LuminSupport/UnityEditor.Lumin.Extensions.dll
Registered in 0.004634 seconds.
Native extension for Lumin target not found
Native extension for LinuxStandalone target not found
Native extension for WindowsStandalone target not found
Native extension for OSXStandalone target not found
Native extension for WebGL target not found
Refreshing native plugins compatible for Editor in 42.64 ms, found 0 plugins.
Preloading 0 native plugins for Editor in 0.00 ms.
Mono: successfully reloaded assembly
- Completed reload, in  2.854 seconds
Platform modules already initialized, skipping
Registering precompiled user dll's ...
Registered in 0.001558 seconds.
Begin MonoManager ReloadAssembly
Native extension for Lumin target not found
Native extension for LinuxStandalone target not found
Native extension for WindowsStandalone target not found
Native extension for OSXStandalone target not found
Native extension for WebGL target not found
Refreshing native plugins compatible for Editor in 42.61 ms, found 0 plugins.
Preloading 0 native plugins for Editor in 0.00 ms.
Mono: successfully reloaded assembly
- Completed reload, in  1.025 seconds
Platform modules already initialized, skipping
========================================================================
Worker process is ready to serve import requests
Shader 'Universal Render Pipeline/Particles/Lit': fallback shader 'Universal Render Pipeline/Particles/SimpleLit' not found
Shader 'Universal Render Pipeline/Particles/Lit': fallback shader 'Universal Render Pipeline/Particles/SimpleLit' not found
Launched and connected shader compiler UnityShaderCompiler.exe after 0.06 seconds
Refreshing native plugins compatible for Editor in 0.41 ms, found 0 plugins.
Preloading 0 native plugins for Editor in 0.00 ms.
Unloading 2635 Unused Serialized files (Serialized files now loaded: 0)
System memory in use before: 125.0 MB.
System memory in use after: 122.3 MB.

Unloading 46 unused Assets to reduce memory usage. Loaded Objects now: 3046.
Total: 3.762900 ms (FindLiveObjects: 0.317500 ms CreateObjectMapping: 0.264100 ms MarkObjects: 1.930500 ms  DeleteObjects: 1.249500 ms)

========================================================================
Received Import Request.
  path: Assets/BlenderAssets/BlenderObjPrefab/animazione raccolta oggetti.blend
  artifactKey: Guid(f58a17fdb24282949b845eaec25d7030) Importer(815301076,1909f56bfc062723c751e8b465ee728b)
Start importing Assets/BlenderAssets/BlenderObjPrefab/animazione raccolta oggetti.blend using Guid(f58a17fdb24282949b845eaec25d7030) Importer(815301076,1909f56bfc062723c751e8b465ee728b)  -> (artifact id: 'ad1158b6fe27dfdedd7a81a8ba5964dc') in 0.564914 seconds
  Import took 0.569510 seconds .

========================================================================
Received Prepare
Shader 'Universal Render Pipeline/Particles/Lit': fallback shader 'Universal Render Pipeline/Particles/SimpleLit' not found
Shader 'Universal Render Pipeline/Particles/Lit': fallback shader 'Universal Render Pipeline/Particles/SimpleLit' not found
Refreshing native plugins compatible for Editor in 1.25 ms, found 0 plugins.
Preloading 0 native plugins for Editor in 0.00 ms.
Unloading 38 Unused Serialized files (Serialized files now loaded: 0)
System memory in use before: 75.3 MB.
System memory in use after: 72.6 MB.

Unloading 38 unused Assets to reduce memory usage. Loaded Objects now: 3154.
Total: 3.820500 ms (FindLiveObjects: 0.237600 ms CreateObjectMapping: 0.101800 ms MarkObjects: 2.201600 ms  DeleteObjects: 1.278600 ms)

========================================================================
Received Prepare
Registering precompiled user dll's ...
Registered in 0.001745 seconds.
Begin MonoManager ReloadAssembly
Native extension for Lumin target not found
Native extension for LinuxStandalone target not found
Native extension for WindowsStandalone target not found
Native extension for OSXStandalone target not found
Native extension for WebGL target not found
Refreshing native plugins compatible for Editor in 0.40 ms, found 0 plugins.
Preloading 0 native plugins for Editor in 0.00 ms.
Mono: successfully reloaded assembly
- Completed reload, in  0.961 seconds
Platform modules already initialized, skipping
Shader 'Universal Render Pipeline/Particles/Lit': fallback shader 'Universal Render Pipeline/Particles/SimpleLit' not found
Shader 'Universal Render Pipeline/Particles/Lit': fallback shader 'Universal Render Pipeline/Particles/SimpleLit' not found
Refreshing native plugins compatible for Editor in 0.40 ms, found 0 plugins.
Preloading 0 native plugins for Editor in 0.00 ms.
Unloading 2545 Unused Serialized files (Serialized files now loaded: 0)
System memory in use before: 125.7 MB.
System memory in use after: 122.9 MB.

Unloading 41 unused Assets to reduce memory usage. Loaded Objects now: 3130.
Total: 4.167500 ms (FindLiveObjects: 0.557000 ms CreateObjectMapping: 0.197600 ms MarkObjects: 2.124200 ms  DeleteObjects: 1.286800 ms)

========================================================================
Received Prepare
Registering precompiled user dll's ...
Registered in 0.001829 seconds.
Begin MonoManager ReloadAssembly
Native extension for Lumin target not found
Native extension for LinuxStandalone target not found
Native extension for WindowsStandalone target not found
Native extension for OSXStandalone target not found
Native extension for WebGL target not found
Refreshing native plugins compatible for Editor in 0.47 ms, found 0 plugins.
Preloading 0 native plugins for Editor in 0.00 ms.
Mono: successfully reloaded assembly
- Completed reload, in  1.092 seconds
Platform modules already initialized, skipping
Shader 'Universal Render Pipeline/Particles/Lit': fallback shader 'Universal Render Pipeline/Particles/SimpleLit' not found
Shader 'Universal Render Pipeline/Particles/Lit': fallback shader 'Universal Render Pipeline/Particles/SimpleLit' not found
Refreshing native plugins compatible for Editor in 0.64 ms, found 0 plugins.
Preloading 0 native plugins for Editor in 0.00 ms.
Unloading 2545 Unused Serialized files (Serialized files now loaded: 0)
System memory in use before: 125.7 MB.
System memory in use after: 123.0 MB.

Unloading 41 unused Assets to reduce memory usage. Loaded Objects now: 3133.
Total: 4.493600 ms (FindLiveObjects: 0.417900 ms CreateObjectMapping: 0.167000 ms MarkObjects: 2.337900 ms  DeleteObjects: 1.569000 ms)

========================================================================
Received Import Request.
  Time since last request: 675.161074 seconds.
  path: Assets/BlenderAssets/BlenderObjPrefab/animazione raccolta oggetti.blend
  artifactKey: Guid(f58a17fdb24282949b845eaec25d7030) Importer(815301076,1909f56bfc062723c751e8b465ee728b)
Start importing Assets/BlenderAssets/BlenderObjPrefab/animazione raccolta oggetti.blend using Guid(f58a17fdb24282949b845eaec25d7030) Importer(815301076,1909f56bfc062723c751e8b465ee728b)  -> (artifact id: '4dbf553062f6e55360a5d8a7c0d9b337') in 0.445119 seconds
  Import took 0.450839 seconds .

========================================================================
Received Import Request.
  Time since last request: 158.430626 seconds.
  path: Assets/BlenderAssets/Animator/PlayerInter.OBJ.controller
  artifactKey: Guid(f45338af1f1e36848b3cc3b0b256bd54) Importer(815301076,1909f56bfc062723c751e8b465ee728b)
Start importing Assets/BlenderAssets/Animator/PlayerInter.OBJ.controller using Guid(f45338af1f1e36848b3cc3b0b256bd54) Importer(815301076,1909f56bfc062723c751e8b465ee728b)  -> (artifact id: '299937bdf694415ebeb16e946c8a304d') in 0.032872 seconds
  Import took 0.055507 seconds .

========================================================================
Received Import Request.
  Time since last request: 50.934633 seconds.
  path: Assets/BlenderAssets/Animation/TakeOBJ.anim
  artifactKey: Guid(ba8d501a65ad0f848bbcc13b1213b4f6) Importer(815301076,1909f56bfc062723c751e8b465ee728b)
Start importing Assets/BlenderAssets/Animation/TakeOBJ.anim using Guid(ba8d501a65ad0f848bbcc13b1213b4f6) Importer(815301076,1909f56bfc062723c751e8b465ee728b)  -> (artifact id: '7a3288cc8d6103202d96bdb3421006cc') in 0.008809 seconds
  Import took 0.012519 seconds .

========================================================================
Received Prepare
Registering precompiled user dll's ...
Registered in 0.001618 seconds.
Begin MonoManager ReloadAssembly
Native extension for Lumin target not found
Native extension for LinuxStandalone target not found
Native extension for WindowsStandalone target not found
Native extension for OSXStandalone target not found
Native extension for WebGL target not found
Refreshing native plugins compatible for Editor in 0.41 ms, found 0 plugins.
Preloading 0 native plugins for Editor in 0.00 ms.
Mono: successfully reloaded assembly
- Completed reload, in  0.946 seconds
Platform modules already initialized, skipping
Shader 'Universal Render Pipeline/Particles/Lit': fallback shader 'Universal Render Pipeline/Particles/SimpleLit' not found
Shader 'Universal Render Pipeline/Particles/Lit': fallback shader 'Universal Render Pipeline/Particles/SimpleLit' not found
Refreshing native plugins compatible for Editor in 0.43 ms, found 0 plugins.
Preloading 0 native plugins for Editor in 0.00 ms.
Unloading 2545 Unused Serialized files (Serialized files now loaded: 0)
System memory in use before: 125.9 MB.
System memory in use after: 123.2 MB.

Unloading 41 unused Assets to reduce memory usage. Loaded Objects now: 3172.
Total: 3.804300 ms (FindLiveObjects: 0.333600 ms CreateObjectMapping: 0.178500 ms MarkObjects: 1.935100 ms  DeleteObjects: 1.355800 ms)

========================================================================
Received Import Request.
  Time since last request: 10.375400 seconds.
  path: Assets/BlenderAssets/Animation/TakeOBJ()old.anim
  artifactKey: Guid(ba8d501a65ad0f848bbcc13b1213b4f6) Importer(815301076,1909f56bfc062723c751e8b465ee728b)
Start importing Assets/BlenderAssets/Animation/TakeOBJ()old.anim using Guid(ba8d501a65ad0f848bbcc13b1213b4f6) Importer(815301076,1909f56bfc062723c751e8b465ee728b)  -> (artifact id: 'dc3ac25383bdd53c9973aa590e2cf13e') in 0.030257 seconds
  Import took 0.033996 seconds .

========================================================================
Received Import Request.
  Time since last request: 5.307118 seconds.
  path: Assets/BlenderAssets/BlenderObjPrefab/Scene.anim
  artifactKey: Guid(10ed4de62124fbe4e812291c2ae099aa) Importer(815301076,1909f56bfc062723c751e8b465ee728b)
Start importing Assets/BlenderAssets/BlenderObjPrefab/Scene.anim using Guid(10ed4de62124fbe4e812291c2ae099aa) Importer(815301076,1909f56bfc062723c751e8b465ee728b)  -> (artifact id: '9ad79304522e5346bade268cd8d96484') in 0.028255 seconds
  Import took 0.056325 seconds .

========================================================================
Received Import Request.
  Time since last request: 30.348343 seconds.
  path: Assets/BlenderAssets/TakeOBJ.anim
  artifactKey: Guid(10ed4de62124fbe4e812291c2ae099aa) Importer(815301076,1909f56bfc062723c751e8b465ee728b)
Start importing Assets/BlenderAssets/TakeOBJ.anim using Guid(10ed4de62124fbe4e812291c2ae099aa) Importer(815301076,1909f56bfc062723c751e8b465ee728b)  -> (artifact id: 'fa8a0e5cf8ef2b9813a3f37a3e95bcb4') in 0.007475 seconds
  Import took 0.014027 seconds .

========================================================================
Received Prepare
Registering precompiled user dll's ...
Registered in 0.001634 seconds.
Begin MonoManager ReloadAssembly
Native extension for Lumin target not found
Native extension for LinuxStandalone target not found
Native extension for WindowsStandalone target not found
Native extension for OSXStandalone target not found
Native extension for WebGL target not found
Refreshing native plugins compatible for Editor in 0.44 ms, found 0 plugins.
Preloading 0 native plugins for Editor in 0.00 ms.
Mono: successfully reloaded assembly
- Completed reload, in  1.078 seconds
Platform modules already initialized, skipping
Shader 'Universal Render Pipeline/Particles/Lit': fallback shader 'Universal Render Pipeline/Particles/SimpleLit' not found
Shader 'Universal Render Pipeline/Particles/Lit': fallback shader 'Universal Render Pipeline/Particles/SimpleLit' not found
Refreshing native plugins compatible for Editor in 0.47 ms, found 0 plugins.
Preloading 0 native plugins for Editor in 0.00 ms.
Unloading 2545 Unused Serialized files (Serialized files now loaded: 0)
System memory in use before: 126.0 MB.
System memory in use after: 123.2 MB.

Unloading 41 unused Assets to reduce memory usage. Loaded Objects now: 3175.
Total: 4.038800 ms (FindLiveObjects: 0.317900 ms CreateObjectMapping: 0.146900 ms MarkObjects: 2.157200 ms  DeleteObjects: 1.415300 ms)

========================================================================
Received Prepare
Registering precompiled user dll's ...
Registered in 0.002058 seconds.
Begin MonoManager ReloadAssembly
Native extension for Lumin target not found
Native extension for LinuxStandalone target not found
Native extension for WindowsStandalone target not found
Native extension for OSXStandalone target not found
Native extension for WebGL target not found
Refreshing native plugins compatible for Editor in 0.47 ms, found 0 plugins.
Preloading 0 native plugins for Editor in 0.00 ms.
Mono: successfully reloaded assembly
- Completed reload, in  1.099 seconds
Platform modules already initialized, skipping
Shader 'Universal Render Pipeline/Particles/Lit': fallback shader 'Universal Render Pipeline/Particles/SimpleLit' not found
Shader 'Universal Render Pipeline/Particles/Lit': fallback shader 'Universal Render Pipeline/Particles/SimpleLit' not found
Refreshing native plugins compatible for Editor in 0.43 ms, found 0 plugins.
Preloading 0 native plugins for Editor in 0.00 ms.
Unloading 2545 Unused Serialized files (Serialized files now loaded: 0)
System memory in use before: 126.0 MB.
System memory in use after: 123.2 MB.

Unloading 41 unused Assets to reduce memory usage. Loaded Objects now: 3178.
Total: 6.041100 ms (FindLiveObjects: 0.306300 ms CreateObjectMapping: 0.105900 ms MarkObjects: 2.598100 ms  DeleteObjects: 3.028700 ms)

========================================================================
Received Prepare
Registering precompiled user dll's ...
Registered in 0.001641 seconds.
Begin MonoManager ReloadAssembly
Native extension for Lumin target not found
Native extension for LinuxStandalone target not found
Native extension for WindowsStandalone target not found
Native extension for OSXStandalone target not found
Native extension for WebGL target not found
Refreshing native plugins compatible for Editor in 0.41 ms, found 0 plugins.
Preloading 0 native plugins for Editor in 0.00 ms.
Mono: successfully reloaded assembly
- Completed reload, in  0.928 seconds
Platform modules already initialized, skipping
Shader 'Universal Render Pipeline/Particles/Lit': fallback shader 'Universal Render Pipeline/Particles/SimpleLit' not found
Shader 'Universal Render Pipeline/Particles/Lit': fallback shader 'Universal Render Pipeline/Particles/SimpleLit' not found
Refreshing native plugins compatible for Editor in 0.44 ms, found 0 plugins.
Preloading 0 native plugins for Editor in 0.00 ms.
Unloading 2545 Unused Serialized files (Serialized files now loaded: 0)
System memory in use before: 126.0 MB.
System memory in use after: 123.2 MB.

Unloading 41 unused Assets to reduce memory usage. Loaded Objects now: 3181.
Total: 5.306100 ms (FindLiveObjects: 0.306100 ms CreateObjectMapping: 0.147400 ms MarkObjects: 2.276200 ms  DeleteObjects: 2.574200 ms)

========================================================================
Received Prepare
Registering precompiled user dll's ...
Registered in 0.001674 seconds.
Begin MonoManager ReloadAssembly
Native extension for Lumin target not found
Native extension for LinuxStandalone target not found
Native extension for WindowsStandalone target not found
Native extension for OSXStandalone target not found
Native extension for WebGL target not found
Refreshing native plugins compatible for Editor in 0.41 ms, found 0 plugins.
Preloading 0 native plugins for Editor in 0.00 ms.
Mono: successfully reloaded assembly
- Completed reload, in  0.925 seconds
Platform modules already initialized, skipping
Shader 'Universal Render Pipeline/Particles/Lit': fallback shader 'Universal Render Pipeline/Particles/SimpleLit' not found
Shader 'Universal Render Pipeline/Particles/Lit': fallback shader 'Universal Render Pipeline/Particles/SimpleLit' not found
Refreshing native plugins compatible for Editor in 0.40 ms, found 0 plugins.
Preloading 0 native plugins for Editor in 0.00 ms.
Unloading 2545 Unused Serialized files (Serialized files now loaded: 0)
System memory in use before: 126.0 MB.
System memory in use after: 123.3 MB.

Unloading 41 unused Assets to reduce memory usage. Loaded Objects now: 3184.
Total: 3.623300 ms (FindLiveObjects: 0.265500 ms CreateObjectMapping: 0.108700 ms MarkObjects: 1.864900 ms  DeleteObjects: 1.382900 ms)

========================================================================
Received Prepare
Registering precompiled user dll's ...
Registered in 0.001608 seconds.
Begin MonoManager ReloadAssembly
Native extension for Lumin target not found
Native extension for LinuxStandalone target not found
Native extension for WindowsStandalone target not found
Native extension for OSXStandalone target not found
Native extension for WebGL target not found
Refreshing native plugins compatible for Editor in 0.42 ms, found 0 plugins.
Preloading 0 native plugins for Editor in 0.00 ms.
Mono: successfully reloaded assembly
- Completed reload, in  0.939 seconds
Platform modules already initialized, skipping
Shader 'Universal Render Pipeline/Particles/Lit': fallback shader 'Universal Render Pipeline/Particles/SimpleLit' not found
Shader 'Universal Render Pipeline/Particles/Lit': fallback shader 'Universal Render Pipeline/Particles/SimpleLit' not found
Refreshing native plugins compatible for Editor in 0.43 ms, found 0 plugins.
Preloading 0 native plugins for Editor in 0.00 ms.
Unloading 2545 Unused Serialized files (Serialized files now loaded: 0)
System memory in use before: 126.0 MB.
System memory in use after: 123.3 MB.

Unloading 41 unused Assets to reduce memory usage. Loaded Objects now: 3187.
Total: 4.100900 ms (FindLiveObjects: 0.301100 ms CreateObjectMapping: 0.138300 ms MarkObjects: 2.023500 ms  DeleteObjects: 1.636700 ms)

========================================================================
Received Prepare
Registering precompiled user dll's ...
Registered in 0.001602 seconds.
Begin MonoManager ReloadAssembly
Native extension for Lumin target not found
Native extension for LinuxStandalone target not found
Native extension for WindowsStandalone target not found
Native extension for OSXStandalone target not found
Native extension for WebGL target not found
Refreshing native plugins compatible for Editor in 0.72 ms, found 0 plugins.
Preloading 0 native plugins for Editor in 0.00 ms.
Mono: successfully reloaded assembly
- Completed reload, in  1.044 seconds
Platform modules already initialized, skipping
Shader 'Universal Render Pipeline/Particles/Lit': fallback shader 'Universal Render Pipeline/Particles/SimpleLit' not found
Shader 'Universal Render Pipeline/Particles/Lit': fallback shader 'Universal Render Pipeline/Particles/SimpleLit' not found
Refreshing native plugins compatible for Editor in 0.41 ms, found 0 plugins.
Preloading 0 native plugins for Editor in 0.00 ms.
Unloading 2545 Unused Serialized files (Serialized files now loaded: 0)
System memory in use before: 126.0 MB.
System memory in use after: 123.3 MB.

Unloading 41 unused Assets to reduce memory usage. Loaded Objects now: 3190.
Total: 4.026800 ms (FindLiveObjects: 0.297400 ms CreateObjectMapping: 0.113600 ms MarkObjects: 2.084100 ms  DeleteObjects: 1.530200 ms)

========================================================================
Received Prepare
Registering precompiled user dll's ...
Registered in 0.001717 seconds.
Begin MonoManager ReloadAssembly
Native extension for Lumin target not found
Native extension for LinuxStandalone target not found
Native extension for WindowsStandalone target not found
Native extension for OSXStandalone target not found
Native extension for WebGL target not found
Refreshing native plugins compatible for Editor in 0.43 ms, found 0 plugins.
Preloading 0 native plugins for Editor in 0.00 ms.
Mono: successfully reloaded assembly
- Completed reload, in  1.078 seconds
Platform modules already initialized, skipping
Shader 'Universal Render Pipeline/Particles/Lit': fallback shader 'Universal Render Pipeline/Particles/SimpleLit' not found
Shader 'Universal Render Pipeline/Particles/Lit': fallback shader 'Universal Render Pipeline/Particles/SimpleLit' not found
Refreshing native plugins compatible for Editor in 0.51 ms, found 0 plugins.
Preloading 0 native plugins for Editor in 0.00 ms.
Unloading 2545 Unused Serialized files (Serialized files now loaded: 0)
System memory in use before: 126.0 MB.
System memory in use after: 123.3 MB.

Unloading 41 unused Assets to reduce memory usage. Loaded Objects now: 3193.
Total: 5.465900 ms (FindLiveObjects: 0.409300 ms CreateObjectMapping: 0.226000 ms MarkObjects: 2.947600 ms  DeleteObjects: 1.881500 ms)

========================================================================
Received Prepare
Registering precompiled user dll's ...
Registered in 0.001641 seconds.
Begin MonoManager ReloadAssembly
Native extension for Lumin target not found
Native extension for LinuxStandalone target not found
Native extension for WindowsStandalone target not found
Native extension for OSXStandalone target not found
Native extension for WebGL target not found
Refreshing native plugins compatible for Editor in 0.41 ms, found 0 plugins.
Preloading 0 native plugins for Editor in 0.00 ms.
Mono: successfully reloaded assembly
- Completed reload, in  0.941 seconds
Platform modules already initialized, skipping
Shader 'Universal Render Pipeline/Particles/Lit': fallback shader 'Universal Render Pipeline/Particles/SimpleLit' not found
Shader 'Universal Render Pipeline/Particles/Lit': fallback shader 'Universal Render Pipeline/Particles/SimpleLit' not found
Refreshing native plugins compatible for Editor in 0.41 ms, found 0 plugins.
Preloading 0 native plugins for Editor in 0.00 ms.
Unloading 2545 Unused Serialized files (Serialized files now loaded: 0)
System memory in use before: 126.1 MB.
System memory in use after: 123.3 MB.

Unloading 41 unused Assets to reduce memory usage. Loaded Objects now: 3196.
Total: 6.711100 ms (FindLiveObjects: 0.265200 ms CreateObjectMapping: 0.125800 ms MarkObjects: 4.914200 ms  DeleteObjects: 1.404500 ms)

========================================================================
Received Prepare
Registering precompiled user dll's ...
Registered in 0.002343 seconds.
Begin MonoManager ReloadAssembly
Native extension for Lumin target not found
Native extension for LinuxStandalone target not found
Native extension for WindowsStandalone target not found
Native extension for OSXStandalone target not found
Native extension for WebGL target not found
Refreshing native plugins compatible for Editor in 0.41 ms, found 0 plugins.
Preloading 0 native plugins for Editor in 0.00 ms.
Mono: successfully reloaded assembly
- Completed reload, in  0.896 seconds
Platform modules already initialized, skipping
Shader 'Universal Render Pipeline/Particles/Lit': fallback shader 'Universal Render Pipeline/Particles/SimpleLit' not found
Shader 'Universal Render Pipeline/Particles/Lit': fallback shader 'Universal Render Pipeline/Particles/SimpleLit' not found
Refreshing native plugins compatible for Editor in 0.43 ms, found 0 plugins.
Preloading 0 native plugins for Editor in 0.00 ms.
Unloading 2545 Unused Serialized files (Serialized files now loaded: 0)
System memory in use before: 126.1 MB.
System memory in use after: 123.3 MB.

Unloading 41 unused Assets to reduce memory usage. Loaded Objects now: 3199.
Total: 3.952100 ms (FindLiveObjects: 0.255600 ms CreateObjectMapping: 0.089900 ms MarkObjects: 2.171800 ms  DeleteObjects: 1.433700 ms)

========================================================================
Received Prepare
Registering precompiled user dll's ...
Registered in 0.001646 seconds.
Begin MonoManager ReloadAssembly
Native extension for Lumin target not found
Native extension for LinuxStandalone target not found
Native extension for WindowsStandalone target not found
Native extension for OSXStandalone target not found
Native extension for WebGL target not found
Refreshing native plugins compatible for Editor in 0.50 ms, found 0 plugins.
Preloading 0 native plugins for Editor in 0.00 ms.
Mono: successfully reloaded assembly
- Completed reload, in  1.097 seconds
Platform modules already initialized, skipping
Shader 'Universal Render Pipeline/Particles/Lit': fallback shader 'Universal Render Pipeline/Particles/SimpleLit' not found
Shader 'Universal Render Pipeline/Particles/Lit': fallback shader 'Universal Render Pipeline/Particles/SimpleLit' not found
Refreshing native plugins compatible for Editor in 0.72 ms, found 0 plugins.
Preloading 0 native plugins for Editor in 0.00 ms.
Unloading 2545 Unused Serialized files (Serialized files now loaded: 0)
System memory in use before: 126.1 MB.
System memory in use after: 123.3 MB.

Unloading 41 unused Assets to reduce memory usage. Loaded Objects now: 3202.
Total: 7.359400 ms (FindLiveObjects: 0.331100 ms CreateObjectMapping: 0.184800 ms MarkObjects: 4.478600 ms  DeleteObjects: 2.362300 ms)

========================================================================
Received Prepare
Registering precompiled user dll's ...
Registered in 0.001651 seconds.
Begin MonoManager ReloadAssembly
Native extension for Lumin target not found
Native extension for LinuxStandalone target not found
Native extension for WindowsStandalone target not found
Native extension for OSXStandalone target not found
Native extension for WebGL target not found
Refreshing native plugins compatible for Editor in 0.45 ms, found 0 plugins.
Preloading 0 native plugins for Editor in 0.00 ms.
Mono: successfully reloaded assembly
- Completed reload, in  1.004 seconds
Platform modules already initialized, skipping
Shader 'Universal Render Pipeline/Particles/Lit': fallback shader 'Universal Render Pipeline/Particles/SimpleLit' not found
Shader 'Universal Render Pipeline/Particles/Lit': fallback shader 'Universal Render Pipeline/Particles/SimpleLit' not found
Refreshing native plugins compatible for Editor in 0.41 ms, found 0 plugins.
Preloading 0 native plugins for Editor in 0.00 ms.
Unloading 2545 Unused Serialized files (Serialized files now loaded: 0)
System memory in use before: 126.0 MB.
System memory in use after: 123.3 MB.

Unloading 41 unused Assets to reduce memory usage. Loaded Objects now: 3205.
Total: 3.961900 ms (FindLiveObjects: 0.302200 ms CreateObjectMapping: 0.119500 ms MarkObjects: 2.000100 ms  DeleteObjects: 1.538600 ms)

